<?xml version="1.0" encoding="UTF-8"?>
<testsuites name="TS_01_Autoplaced_Mandiri_MandiriDebitOnline" time="28" tests="2" failures="0" errors="1">
   <testsuite name="TS_01_Autoplaced_Mandiri_MandiriDebitOnline" tests="2" failures="0" errors="1" time="28" timestamp="2018-10-10 16:52:40" hostname="cipta.andhika - CIPTA-E460.ad.metraplasa.co.id" id="Test Suites/AutoplacedMobile_Pulsa/TS_01_Autoplaced_Mandiri_MandiriDebitOnline">
      <properties>
         <property name="deviceName" value=""/>
         <property name="devicePlatform" value=""/>
         <property name="logFolder" value="C:\\Users\\cipta.andhika\\Katalon Studio\\Blanja_Mobile_Pulsa\\Reports\\AutoplacedMobile_Pulsa\\TS_01_Autoplaced_Mandiri_MandiriDebitOnline\\20181010_165238"/>
         <property name="logFiles" value="C:\\Users\\cipta.andhika\\Katalon Studio\\Blanja_Mobile_Pulsa\\Reports\\AutoplacedMobile_Pulsa\\TS_01_Autoplaced_Mandiri_MandiriDebitOnline\\20181010_165238\\execution0.log"/>
         <property name="attachments" value=""/>
         <property name="hostName" value="cipta.andhika - CIPTA-E460.ad.metraplasa.co.id"/>
         <property name="os" value="Windows 10 64bit"/>
         <property name="katalonVersion" value="5.8.0.1"/>
         <property name="browser" value="Chrome 65.0.3302.0"/>
         <property name="hostAddress" value="172.16.31.128"/>
         <property name="sessionId" value="08fa06928cda7a39ba69de7b4c2269fa"/>
         <property name="seleniumVersion" value="3.7.1"/>
         <property name="proxyInformation" value="ProxyInformation{proxyOption=NO_PROXY, proxyServerType=HTTP, password=, proxyServerAddress=, proxyServerPort=0}"/>
         <property name="platform" value="Windows 10"/>
      </properties>
      <testcase name="Test Cases/01_Member/Login Mobile" classname="Test Cases/01_Member/Login Mobile" status="PASSED">
         <system-out><![CDATA[2018-10-10 16:52:40 - [TEST_CASE][PASSED] - Test Cases/01_Member/Login Mobile: Test Cases/01_Member/Login Mobile

2018-10-10 16:52:41 - [TEST_STEP][PASSED] - openBrowser: Browser is opened with url: ''

2018-10-10 16:52:44 - [MESSAGE][PASSED] - Browser is opened with url: ''

2018-10-10 16:52:44 - [TEST_STEP][PASSED] - navigateToUrl: Navigate to 'https://m.blanja.com/member/login' successfully

2018-10-10 16:52:48 - [MESSAGE][PASSED] - Navigate to 'https://m.blanja.com/member/login' successfully

2018-10-10 16:52:48 - [TEST_STEP][PASSED] - setText: Text 'testblj2' is set on object 'Object Repository/Member_Login/username'

2018-10-10 16:52:48 - [MESSAGE][PASSED] - Text 'testblj2' is set on object 'Object Repository/Member_Login/username'

2018-10-10 16:52:48 - [TEST_STEP][PASSED] - setText: Text '123qwe' is set on object 'Object Repository/Member_Login/password'

2018-10-10 16:52:49 - [MESSAGE][PASSED] - Text '123qwe' is set on object 'Object Repository/Member_Login/password'

2018-10-10 16:52:49 - [TEST_STEP][PASSED] - click: Object: 'Object Repository/Member_Login/Button_Masuk' is clicked on

2018-10-10 16:52:52 - [MESSAGE][PASSED] - Object: 'Object Repository/Member_Login/Button_Masuk' is clicked on

2018-10-10 16:52:52 - [TEST_STEP][PASSED] - delay: Delayed 2 second(s)

2018-10-10 16:52:54 - [MESSAGE][PASSED] - Delayed 2 second(s)

2018-10-10 16:52:54 - [TEST_STEP][PASSED] - navigateToUrl: Navigate to 'https://m.blanja.com/top-up/pulsa' successfully

2018-10-10 16:52:55 - [MESSAGE][PASSED] - Navigate to 'https://m.blanja.com/top-up/pulsa' successfully

2018-10-10 16:52:55 - [TEST_STEP][PASSED] - delay: Delayed 2 second(s)

2018-10-10 16:52:57 - [MESSAGE][PASSED] - Delayed 2 second(s)

2018-10-10 16:52:57 - [TEST_STEP][PASSED] - setText: Text '081289138338' is set on object 'Object Repository/Pulsa_Mobile/nmr_hp'

2018-10-10 16:52:58 - [MESSAGE][PASSED] - Text '081289138338' is set on object 'Object Repository/Pulsa_Mobile/nmr_hp'

2018-10-10 16:52:58 - [TEST_STEP][PASSED] - delay: Delayed 2 second(s)

2018-10-10 16:53:00 - [MESSAGE][PASSED] - Delayed 2 second(s)

2018-10-10 16:53:00 - [TEST_STEP][PASSED] - click: Object: 'Object Repository/Pulsa_Mobile/Pilih_nominal' is clicked on

2018-10-10 16:53:00 - [MESSAGE][PASSED] - Object: 'Object Repository/Pulsa_Mobile/Pilih_nominal' is clicked on

2018-10-10 16:53:00 - [TEST_STEP][PASSED] - delay: Delayed 1 second(s)

2018-10-10 16:53:01 - [MESSAGE][PASSED] - Delayed 1 second(s)

2018-10-10 16:53:01 - [TEST_STEP][PASSED] - click: Object: 'Object Repository/Pulsa_Mobile/Nominal' is clicked on

2018-10-10 16:53:01 - [MESSAGE][PASSED] - Object: 'Object Repository/Pulsa_Mobile/Nominal' is clicked on

2018-10-10 16:53:01 - [TEST_STEP][PASSED] - delay: Delayed 1 second(s)

2018-10-10 16:53:02 - [MESSAGE][PASSED] - Delayed 1 second(s)

2018-10-10 16:53:02 - [TEST_STEP][PASSED] - click: Object: 'Object Repository/Pulsa_Mobile/Blanja_Sekarang' is clicked on

2018-10-10 16:53:03 - [MESSAGE][PASSED] - Object: 'Object Repository/Pulsa_Mobile/Blanja_Sekarang' is clicked on

2018-10-10 16:53:03 - [TEST_STEP][PASSED] - delay: Delayed 1 second(s)

2018-10-10 16:53:04 - [MESSAGE][PASSED] - Delayed 1 second(s)]]></system-out>
         <system-err><![CDATA[]]></system-err>
      </testcase>
      <testcase name="Test Cases/02_ChooseMethodPaymentMobilePulsa/TC_01_ChooseMethodPayment_Mandiri_DebitOnline" classname="Test Cases/02_ChooseMethodPaymentMobilePulsa/TC_01_ChooseMethodPayment_Mandiri_DebitOnline" status="PASSED">
         <system-out><![CDATA[2018-10-10 16:53:04 - [TEST_CASE][PASSED] - Test Cases/02_ChooseMethodPaymentMobilePulsa/TC_01_ChooseMethodPayment_Mandiri_DebitOnline: Test Cases/02_ChooseMethodPaymentMobilePulsa/TC_01_ChooseMethodPayment_Mandiri_DebitOnline

2018-10-10 16:53:04 - [TEST_STEP][PASSED] - click: Object: 'Object Repository/Trade_Payment_Method/Click_Bank/Click_01_Mandiri' is clicked on

2018-10-10 16:53:05 - [MESSAGE][PASSED] - Object: 'Object Repository/Trade_Payment_Method/Click_Bank/Click_01_Mandiri' is clicked on

2018-10-10 16:53:05 - [TEST_STEP][PASSED] - delay: Delayed 1 second(s)

2018-10-10 16:53:06 - [MESSAGE][PASSED] - Delayed 1 second(s)

2018-10-10 16:53:06 - [TEST_STEP][PASSED] - click: Object: 'Object Repository/Trade_Payment_Method/Click_Bank/Click_1_Mandiri_debit_online' is clicked on

2018-10-10 16:53:06 - [MESSAGE][PASSED] - Object: 'Object Repository/Trade_Payment_Method/Click_Bank/Click_1_Mandiri_debit_online' is clicked on]]></system-out>
         <system-err><![CDATA[]]></system-err>
      </testcase>
      <testcase name="Test Cases/02_ChooseMethodPaymentMobilePulsa/TC_ClickCheckout_GetLastOrderID_ExportTo_Blanja_Autoplaced" classname="Test Cases/02_ChooseMethodPaymentMobilePulsa/TC_ClickCheckout_GetLastOrderID_ExportTo_Blanja_Autoplaced" status="ERROR">
         <error type="ERROR" message="Test Cases/02_ChooseMethodPaymentMobilePulsa/TC_ClickCheckout_GetLastOrderID_ExportTo_Blanja_Autoplaced FAILED because (of) (Stack trace: org.codehaus.groovy.runtime.metaclass.MissingMethodExceptionNoStack: No signature of method: blj.common.report.Autoplaced.AppendToBlanjaplacedReport() is applicable for argument types: (java.lang.String, java.lang.Boolean) values: [ - 418678451495823019, false]
Possible solutions: AppendToBlanjaAutoplacedReport(java.lang.String, java.lang.Boolean)
)"/>
         <system-out><![CDATA[2018-10-10 16:53:06 - [TEST_CASE][ERROR] - Test Cases/02_ChooseMethodPaymentMobilePulsa/TC_ClickCheckout_GetLastOrderID_ExportTo_Blanja_Autoplaced: Test Cases/02_ChooseMethodPaymentMobilePulsa/TC_ClickCheckout_GetLastOrderID_ExportTo_Blanja_Autoplaced FAILED because (of) (Stack trace: org.codehaus.groovy.runtime.metaclass.MissingMethodExceptionNoStack: No signature of method: blj.common.report.Autoplaced.AppendToBlanjaplacedReport() is applicable for argument types: (java.lang.String, java.lang.Boolean) values: [ - 418678451495823019, false]
Possible solutions: AppendToBlanjaAutoplacedReport(java.lang.String, java.lang.Boolean)
)

2018-10-10 16:53:06 - [TEST_STEP][PASSED] - click: Object: 'Object Repository/Trade_Payment_Method/input_checkOut' is clicked on

2018-10-10 16:53:06 - [MESSAGE][PASSED] - Object: 'Object Repository/Trade_Payment_Method/input_checkOut' is clicked on

2018-10-10 16:53:06 - [TEST_STEP][PASSED] - navigateToUrl: Navigate to 'https://m.blanja.com/mobile/trades/index' successfully

2018-10-10 16:53:07 - [MESSAGE][PASSED] - Navigate to 'https://m.blanja.com/mobile/trades/index' successfully

2018-10-10 16:53:07 - [TEST_STEP][PASSED] - Statement - orderNumber = " - " + com.kms.katalon.core.webui.keyword.WebUiBuiltInKeywords.getText(com.kms.katalon.core.testobject.ObjectRepository.findTestObject(Object Repository/Member_BlanjaanSaya/Label_FirstOrderNumber)): Text of object 'Object Repository/Member_BlanjaanSaya/Label_FirstOrderNumber' is: '418678451495823019'

2018-10-10 16:53:08 - [MESSAGE][PASSED] - Text of object 'Object Repository/Member_BlanjaanSaya/Label_FirstOrderNumber' is: '418678451495823019'

2018-10-10 16:53:08 - [TEST_STEP][ERROR] - blj.common.report.Autoplaced.AppendToBlanjaplacedReport: No signature of method: blj.common.report.Autoplaced.AppendToBlanjaplacedReport() is applicable for argument types: (java.lang.String, java.lang.Boolean) values: [ - 418678451495823019, false]
Possible solutions: AppendToBlanjaAutoplacedReport(java.lang.String, java.lang.Boolean)

2018-10-10 16:53:08 - [MESSAGE][ERROR] - No signature of method: blj.common.report.Autoplaced.AppendToBlanjaplacedReport() is applicable for argument types: (java.lang.String, java.lang.Boolean) values: [ - 418678451495823019, false]
Possible solutions: AppendToBlanjaAutoplacedReport(java.lang.String, java.lang.Boolean)]]></system-out>
         <system-err><![CDATA[2018-10-10 16:53:06 - [TEST_CASE][ERROR] - Test Cases/02_ChooseMethodPaymentMobilePulsa/TC_ClickCheckout_GetLastOrderID_ExportTo_Blanja_Autoplaced: Test Cases/02_ChooseMethodPaymentMobilePulsa/TC_ClickCheckout_GetLastOrderID_ExportTo_Blanja_Autoplaced FAILED because (of) (Stack trace: org.codehaus.groovy.runtime.metaclass.MissingMethodExceptionNoStack: No signature of method: blj.common.report.Autoplaced.AppendToBlanjaplacedReport() is applicable for argument types: (java.lang.String, java.lang.Boolean) values: [ - 418678451495823019, false]
Possible solutions: AppendToBlanjaAutoplacedReport(java.lang.String, java.lang.Boolean)
)]]></system-err>
      </testcase>
      <system-out><![CDATA[2018-10-10 16:52:40 - [TEST_SUITE][ERROR] - TS_01_Autoplaced_Mandiri_MandiriDebitOnline: Test Cases/02_ChooseMethodPaymentMobilePulsa/TC_ClickCheckout_GetLastOrderID_ExportTo_Blanja_Autoplaced FAILED because (of) (Stack trace: org.codehaus.groovy.runtime.metaclass.MissingMethodExceptionNoStack: No signature of method: blj.common.report.Autoplaced.AppendToBlanjaplacedReport() is applicable for argument types: (java.lang.String, java.lang.Boolean) values: [ - 418678451495823019, false]
Possible solutions: AppendToBlanjaAutoplacedReport(java.lang.String, java.lang.Boolean)
)]]></system-out>
      <system-err><![CDATA[2018-10-10 16:52:40 - [TEST_SUITE][ERROR] - TS_01_Autoplaced_Mandiri_MandiriDebitOnline: Test Cases/02_ChooseMethodPaymentMobilePulsa/TC_ClickCheckout_GetLastOrderID_ExportTo_Blanja_Autoplaced FAILED because (of) (Stack trace: org.codehaus.groovy.runtime.metaclass.MissingMethodExceptionNoStack: No signature of method: blj.common.report.Autoplaced.AppendToBlanjaplacedReport() is applicable for argument types: (java.lang.String, java.lang.Boolean) values: [ - 418678451495823019, false]
Possible solutions: AppendToBlanjaAutoplacedReport(java.lang.String, java.lang.Boolean)
)]]></system-err>
   </testsuite>
</testsuites>
